build/app/outputs/mapping/release/seeds.txt
com.example.interview.MainActivity
com.example.interview.MainActivity: MainActivity()
...
io.flutter.embedding.engine.FlutterJNI: java.util.Set flutterUiDisplayListeners
io.flutter.plugin.editing.ImeSyncDeferringInsetsCallback: boolean access$300(io.flutter.plugin.editing.ImeSyncDeferringInsetsCallback)
kotlin.jvm.internal.CallableReference: boolean isFinal()
io.flutter.embedding.engine.FlutterJNI: void nativeUpdateRefreshRate(float)
kotlin.jvm.internal.CallableReference: java.util.List getTypeParameters()
androidx.window.layout.SidecarCompat$registerConfigurationChangeListener$configChangeObserver$1: SidecarCompat$registerConfigurationChangeListener$configChangeObserver$1(androidx.window.layout.SidecarCompat,android.app.Activity)
androidx.window.R$attr: int clearTop
androidx.window.embedding.EmbeddingBackend: void setSplitRules(java.util.Set)
androidx.window.core.Bounds: int getHeight()
androidx.window.layout.SidecarCompat: java.util.Map componentCallbackMap
io.flutter.embedding.engine.FlutterJNI: java.util.concurrent.locks.ReentrantReadWriteLock shellHolderLock
androidx.window.layout.HardwareFoldingFeature: int hashCode()
androidx.window.layout.ExtensionWindowLayoutInfoBackend: ExtensionWindowLayoutInfoBackend(androidx.window.extensions.layout.WindowLayoutComponent)
androidx.window.R$attr: int splitRatio
androidx.window.core.Version: int hashCode()
androidx.window.core.Version: androidx.window.core.Version access$getVERSION_0_1$cp()
io.flutter.view.FlutterCallbackInformation
io.flutter.plugin.platform.SingleViewPresentation: SingleViewPresentation(android.content.Context,android.view.Display,io.flutter.plugin.platform.PlatformView,io.flutter.plugin.platform.AccessibilityEventsDelegate,int,java.lang.Object,android.view.View$OnFocusChangeListener)
androidx.window.embedding.EmbeddingCompat: void setSplitRules(java.util.Set)
androidx.window.embedding.SplitInfo: androidx.window.embedding.ActivityStack primaryActivityStack
androidx.window.layout.WindowInfoTrackerImpl$Companion: WindowInfoTrackerImpl$Companion(kotlin.jvm.internal.DefaultConstructorMarker)
io.flutter.embedding.engine.FlutterJNI: void prefetchDefaultFontManager()
kotlinx.coroutines.JobSupport$ChildCompletion
androidx.window.layout.SidecarWindowBackend$Companion: androidx.window.layout.SidecarWindowBackend getInstance(android.content.Context)
androidx.window.layout.FoldingFeature
androidx.window.core.Bounds: boolean equals(java.lang.Object)
androidx.window.core.Version: androidx.window.core.Version VERSION_0_1
androidx.window.core.Bounds: int bottom
androidx.window.layout.HardwareFoldingFeature$Type$Companion: HardwareFoldingFeature$Type$Companion()
kotlinx.coroutines.CancellableContinuationImpl
io.flutter.embedding.engine.FlutterJNI: long performNativeAttach(io.flutter.embedding.engine.FlutterJNI)
androidx.window.java.layout.WindowInfoTrackerCallbackAdapter$addListener$1$1$invokeSuspend$$inlined$collect$1: java.lang.Object emit(java.lang.Object,kotlin.coroutines.Continuation)
io.flutter.embedding.engine.FlutterJNI: void invokePlatformMessageResponseCallback(int,java.nio.ByteBuffer,int)
androidx.window.embedding.EmbeddingRule: EmbeddingRule()
androidx.window.layout.FoldingFeature$OcclusionType: androidx.window.layout.FoldingFeature$OcclusionType FULL
kotlin.jvm.internal.FunctionReferenceImpl: FunctionReferenceImpl(int,java.lang.Class,java.lang.String,java.lang.String,int)
androidx.window.embedding.SplitPairRule: SplitPairRule(java.util.Set,boolean,boolean,boolean,int,int,float,int)
io.flutter.embedding.engine.FlutterJNI: void setLocalizationPlugin(io.flutter.plugin.localization.LocalizationPlugin)
androidx.window.R$attr: int finishPrimaryWithSecondary
kotlinx.coroutines.android.AndroidDispatcherFactory
androidx.window.embedding.SplitRuleParser
androidx.window.layout.SidecarWindowBackend$WindowLayoutChangeCallbackWrapper: androidx.core.util.Consumer callback
androidx.window.embedding.EmbeddingCompat
androidx.lifecycle.FullLifecycleObserverAdapter
io.flutter.plugin.editing.ImeSyncDeferringInsetsCallback: boolean animating