build/app/outputs/mapping/release/mapping.txt
# compiler: R8
# compiler_version: 2.1.62
# min_api: 16
# pg_map_id: 7e635fb
# common_typos_disable
...
io.flutter.embedding.engine.plugins.broadcastreceiver.BroadcastReceiverAware -> io.flutter.embedding.engine.i.d.a:
    void onAttachedToBroadcastReceiver(io.flutter.embedding.engine.plugins.broadcastreceiver.BroadcastReceiverPluginBinding) -> a
    void onDetachedFromBroadcastReceiver() -> b
io.flutter.embedding.engine.plugins.broadcastreceiver.BroadcastReceiverPluginBinding -> io.flutter.embedding.engine.i.d.b:
io.flutter.embedding.engine.plugins.contentprovider.ContentProviderAware -> io.flutter.embedding.engine.i.e.a:
    void onAttachedToContentProvider(io.flutter.embedding.engine.plugins.contentprovider.ContentProviderPluginBinding) -> a
    void onDetachedFromContentProvider() -> b
io.flutter.embedding.engine.plugins.contentprovider.ContentProviderPluginBinding -> io.flutter.embedding.engine.i.e.b:
io.flutter.embedding.engine.plugins.service.ServiceAware -> io.flutter.embedding.engine.i.f.a:
    void onAttachedToService(io.flutter.embedding.engine.plugins.service.ServicePluginBinding) -> a
    void onDetachedFromService() -> b
io.flutter.embedding.engine.plugins.service.ServicePluginBinding -> io.flutter.embedding.engine.i.f.b:
io.flutter.embedding.engine.plugins.util.GeneratedPluginRegister -> io.flutter.embedding.engine.i.g.a:
    void registerGeneratedPlugins(io.flutter.embedding.engine.FlutterEngine) -> a
io.flutter.embedding.engine.renderer.FlutterRenderer -> io.flutter.embedding.engine.renderer.a:
    io.flutter.embedding.engine.FlutterJNI flutterJNI -> a
    android.os.Handler handler -> e
    java.util.concurrent.atomic.AtomicLong nextTextureId -> b
    io.flutter.embedding.engine.renderer.FlutterUiDisplayListener flutterUiDisplayListener -> g
    android.view.Surface surface -> c
    java.util.Set onTrimMemoryListeners -> f
    boolean isDisplayingFlutterUi -> d
    io.flutter.view.TextureRegistry$SurfaceTextureEntry createSurfaceTexture() -> a
    boolean access$002(io.flutter.embedding.engine.renderer.FlutterRenderer,boolean) -> b
    io.flutter.embedding.engine.FlutterJNI access$300(io.flutter.embedding.engine.renderer.FlutterRenderer) -> c
    void access$500(io.flutter.embedding.engine.renderer.FlutterRenderer,long) -> d
    android.os.Handler access$700(io.flutter.embedding.engine.renderer.FlutterRenderer) -> e
    void addIsDisplayingFlutterUiListener(io.flutter.embedding.engine.renderer.FlutterUiDisplayListener) -> f
    void addOnTrimMemoryListener(io.flutter.view.TextureRegistry$OnTrimMemoryListener) -> g
    void clearDeadListeners() -> h
    void dispatchPointerDataPacket(java.nio.ByteBuffer,int) -> i
    boolean isDisplayingFlutterUi() -> j
    boolean isSoftwareRenderingEnabled() -> k
    void markTextureFrameAvailable(long) -> l
    void onTrimMemory(int) -> m
io.flutter.embedding.engine.renderer.FlutterRenderer$1 -> io.flutter.embedding.engine.renderer.a$a:
    io.flutter.embedding.engine.renderer.FlutterRenderer this$0 -> a
    void onFlutterUiDisplayed() -> c
    void onFlutterUiNoLongerDisplayed() -> e
io.flutter.embedding.engine.renderer.FlutterRenderer$DisplayFeature -> io.flutter.embedding.engine.renderer.a$b:
    io.flutter.embedding.engine.renderer.FlutterRenderer$DisplayFeatureState state -> c
    io.flutter.embedding.engine.renderer.FlutterRenderer$DisplayFeatureType type -> b
    android.graphics.Rect bounds -> a
io.flutter.embedding.engine.renderer.FlutterRenderer$DisplayFeatureState -> io.flutter.embedding.engine.renderer.a$c:
    io.flutter.embedding.engine.renderer.FlutterRenderer$DisplayFeatureState[] $VALUES -> h
    int encodedValue -> d
    io.flutter.embedding.engine.renderer.FlutterRenderer$DisplayFeatureState POSTURE_HALF_OPENED -> g
    io.flutter.embedding.engine.renderer.FlutterRenderer$DisplayFeatureState POSTURE_FLAT -> f
    io.flutter.embedding.engine.renderer.FlutterRenderer$DisplayFeatureState UNKNOWN -> e