build/app/outputs/mapping/release/usage.txt
com.example.interview.R$layout
com.example.interview.R$styleable
com.example.interview.R$attr
com.example.interview.R$integer
com.example.interview.R$style
com.example.interview.R$drawable
com.example.interview.R$dimen
com.example.interview.R$string
com.example.interview.R
com.example.interview.BuildConfig
com.example.interview.R$mipmap
com.example.interview.R$color
com.example.interview.R$id
...
kotlin.reflect.KClass$DefaultImpls
kotlin.jvm.internal.FloatCompanionObject
androidx.core.view.ViewPropertyAnimatorListenerAdapter
io.flutter.plugin.common.StandardMessageCodec:
    private static final java.lang.String TAG
    private static final byte NULL
    private static final byte TRUE
    private static final byte FALSE
    private static final byte INT
    private static final byte LONG
    private static final byte BIGINT
    private static final byte DOUBLE
    private static final byte STRING
    private static final byte BYTE_ARRAY
    private static final byte INT_ARRAY
    private static final byte LONG_ARRAY
    private static final byte DOUBLE_ARRAY
    private static final byte LIST
    private static final byte MAP
    private static final byte FLOAT_ARRAY
kotlinx.coroutines.channels.ChannelsKt__DeprecatedKt$takeWhile$1
androidx.core.widget.TintableCheckedTextView
androidx.core.graphics.BlendModeUtils
kotlin.experimental.ExperimentalTypeInference
kotlin.ranges.ComparableRange
androidx.fragment.app.FragmentManagerImpl
androidx.core.content.pm.ShortcutInfoCompat
androidx.core.view.accessibility.AccessibilityNodeProviderCompat$AccessibilityNodeProviderApi16
io.flutter.plugin.common.EventChannel$1
androidx.core.app.NotificationCompat$Extender
kotlin.collections.CollectionsKt___CollectionsKt$asSequence$$inlined$Sequence$1
androidx.core.graphics.TypefaceCompatApi24Impl
kotlinx.coroutines.debug.AgentPremain
androidx.lifecycle.Observer:
    public abstract void onChanged(java.lang.Object)
kotlinx.coroutines.channels.ConflatedBroadcastChannel$Companion
kotlin.sequences.SequencesKt___SequencesKt$sorted$1
kotlinx.coroutines.flow.internal.SafeCollectorKt:
    private static synthetic void getEmitFun$annotations()
androidx.core.view.LayoutInflaterCompat$Factory2Wrapper
androidx.core.app.NotificationCompat$BigPictureStyle$Api16Impl
kotlin.collections.unsigned.UArraysKt___UArraysKt
kotlin.reflect.KClassesImplKt
kotlin.sequences.DropWhileSequence
androidx.core.app.NotificationCompat$CarExtender$UnreadConversation$Builder
kotlin.time.TimeSource$Companion
kotlin.coroutines.intrinsics.IntrinsicsKt__IntrinsicsJvmKt$createCoroutineFromSuspendFunction$2
kotlin.reflect.KCallable$DefaultImpls
kotlin.time.TimeSourceKt
io.flutter.embedding.engine.FlutterEngine:
    public void <init>(android.content.Context)
    public void <init>(android.content.Context,java.lang.String[])
    public void <init>(android.content.Context,java.lang.String[],boolean)
    public void <init>(android.content.Context,io.flutter.embedding.engine.loader.FlutterLoader,io.flutter.embedding.engine.FlutterJNI)
    public void <init>(android.content.Context,io.flutter.embedding.engine.loader.FlutterLoader,io.flutter.embedding.engine.FlutterJNI,java.lang.String[],boolean)
    public void <init>(android.content.Context,io.flutter.embedding.engine.loader.FlutterLoader,io.flutter.embedding.engine.FlutterJNI,io.flutter.plugin.platform.PlatformViewsController,java.lang.String[],boolean)
    io.flutter.embedding.engine.FlutterEngine spawn(android.content.Context,io.flutter.embedding.engine.dart.DartExecutor$DartEntrypoint,java.lang.String,java.util.List)
    public void addEngineLifecycleListener(io.flutter.embedding.engine.FlutterEngine$EngineLifecycleListener)
    public void removeEngineLifecycleListener(io.flutter.embedding.engine.FlutterEngine$EngineLifecycleListener)
    public io.flutter.embedding.engine.systemchannels.LocalizationChannel getLocalizationChannel()
    public io.flutter.embedding.engine.systemchannels.DeferredComponentChannel getDeferredComponentChannel()
    public io.flutter.embedding.engine.plugins.service.ServiceControlSurface getServiceControlSurface()
kotlin.jvm.internal.markers.KMutableList
kotlin.NoWhenBranchMatchedException:
    public void <init>(java.lang.String)
    public void <init>(java.lang.String,java.lang.Throwable)
    public void <init>(java.lang.Throwable)
kotlin.text.MatchGroupCollection
kotlin.UnsafeVariance